
=== Tue Apr  6 18:55:56 2021

Packages were changed.
Update Mode: updateDependencies

The following packages were updated:
  com.unity.collab-proxy from version 1.2.16 to 1.3.9
  com.unity.ext.nunit from version 1.0.0 to 1.0.6
  com.unity.ide.rider from version 1.1.4 to 2.0.7
  com.unity.ide.visualstudio from version 1.0.11 to 2.0.7
  com.unity.test-framework from version 1.1.22 to 1.1.24
  com.unity.textmeshpro from version 2.1.1 to 3.0.1
  com.unity.timeline from version 1.2.18 to 1.4.6

=== Sat Oct 19 10:10:37 2024

Packages were changed.
Update Mode: updateDependencies

The following packages were added:
  com.unity.ai.navigation@1.1.5
The following packages were updated:
  com.unity.collab-proxy from version 1.3.9 to 2.4.3
  com.unity.ide.rider from version 2.0.7 to 3.0.28
  com.unity.ide.visualstudio from version 2.0.7 to 2.0.22
  com.unity.ide.vscode from version 1.2.3 to 1.2.5
  com.unity.postprocessing from version 2.3.0 to 3.4.0
  com.unity.test-framework from version 1.1.24 to 1.1.33
  com.unity.textmeshpro from version 3.0.1 to 3.0.6
  com.unity.timeline from version 1.4.6 to 1.7.6
